#! /usr/bin/vvp
:ivl_version "0.9.7 " "(v0_9_7)";
:vpi_time_precision + 0;
:vpi_module "system";
:vpi_module "v2005_math";
:vpi_module "va_math";
S_0x1802690 .scope module, "testbench_Multiplexador" "testbench_Multiplexador" 2 3;
 .timescale 0 0;
v0x184f950_0 .var "Iselect", 4 0;
v0x184fbe0_0 .var "Rselect", 0 0;
v0x184fc90_0 .net "out", 15 0, v0x184f080_0; 1 drivers
v0x184fd40_0 .var "r0", 15 0;
v0x184fe20_0 .var "r1", 15 0;
v0x184fed0_0 .var "r2", 15 0;
v0x184ff50_0 .var "r3", 15 0;
v0x1850000_0 .var "r4", 15 0;
v0x18500b0_0 .var "r5", 15 0;
v0x1850160_0 .var "r6", 15 0;
v0x1850210_0 .var "r7", 15 0;
v0x18502c0_0 .var "regNumSelect", 4 0;
v0x1850370_0 .var "regR", 15 0;
v0x1850420_0 .var "signExt", 15 0;
v0x1850550_0 .var "signExtSelect", 0 0;
S_0x1802780 .scope module, "multiplexador" "Multiplexador" 2 12, 3 1, S_0x1802690;
 .timescale 0 0;
v0x1815680_0 .net "Iselect", 4 0, v0x184f950_0; 1 drivers
v0x184efe0_0 .net "Rselect", 0 0, v0x184fbe0_0; 1 drivers
v0x184f080_0 .var "aux", 15 0;
v0x184f120_0 .alias "out", 15 0, v0x184fc90_0;
v0x184f1d0_0 .net "r0", 15 0, v0x184fd40_0; 1 drivers
v0x184f270_0 .net "r1", 15 0, v0x184fe20_0; 1 drivers
v0x184f350_0 .net "r2", 15 0, v0x184fed0_0; 1 drivers
v0x184f3f0_0 .net "r3", 15 0, v0x184ff50_0; 1 drivers
v0x184f4e0_0 .net "r4", 15 0, v0x1850000_0; 1 drivers
v0x184f580_0 .net "r5", 15 0, v0x18500b0_0; 1 drivers
v0x184f680_0 .net "r6", 15 0, v0x1850160_0; 1 drivers
v0x184f720_0 .net "r7", 15 0, v0x1850210_0; 1 drivers
v0x184f830_0 .net "regNumSelect", 4 0, v0x18502c0_0; 1 drivers
v0x184f8d0_0 .net "regR", 15 0, v0x1850370_0; 1 drivers
v0x184f9f0_0 .net "signExt", 15 0, v0x1850420_0; 1 drivers
v0x184fa90_0 .net "signExtSelect", 0 0, v0x1850550_0; 1 drivers
E_0x1817470 .event edge, v0x184efe0_0, v0x1815680_0, v0x184f830_0;
    .scope S_0x1802780;
T_0 ;
    %wait E_0x1817470;
    %load/v 8, v0x184f830_0, 5;
    %mov 13, 0, 1;
    %cmp/u 0, 8, 6;
    %or 5, 4, 1;
    %mov 8, 5, 1;
    %load/v 9, v0x184f830_0, 5;
    %mov 14, 0, 1;
   %cmpi/u 9, 7, 6;
    %or 5, 4, 1;
    %mov 9, 5, 1;
    %and 8, 9, 1;
    %jmp/0xz  T_0.0, 8;
    %load/v 8, v0x184f830_0, 5;
    %cmpi/u 8, 0, 5;
    %jmp/1 T_0.2, 6;
    %cmpi/u 8, 1, 5;
    %jmp/1 T_0.3, 6;
    %cmpi/u 8, 2, 5;
    %jmp/1 T_0.4, 6;
    %cmpi/u 8, 3, 5;
    %jmp/1 T_0.5, 6;
    %cmpi/u 8, 4, 5;
    %jmp/1 T_0.6, 6;
    %cmpi/u 8, 5, 5;
    %jmp/1 T_0.7, 6;
    %cmpi/u 8, 6, 5;
    %jmp/1 T_0.8, 6;
    %cmpi/u 8, 7, 5;
    %jmp/1 T_0.9, 6;
    %jmp T_0.10;
T_0.2 ;
    %load/v 8, v0x184f1d0_0, 16;
    %set/v v0x184f080_0, 8, 16;
    %jmp T_0.10;
T_0.3 ;
    %load/v 8, v0x184f270_0, 16;
    %set/v v0x184f080_0, 8, 16;
    %jmp T_0.10;
T_0.4 ;
    %load/v 8, v0x184f350_0, 16;
    %set/v v0x184f080_0, 8, 16;
    %jmp T_0.10;
T_0.5 ;
    %load/v 8, v0x184f3f0_0, 16;
    %set/v v0x184f080_0, 8, 16;
    %jmp T_0.10;
T_0.6 ;
    %load/v 8, v0x184f4e0_0, 16;
    %set/v v0x184f080_0, 8, 16;
    %jmp T_0.10;
T_0.7 ;
    %load/v 8, v0x184f580_0, 16;
    %set/v v0x184f080_0, 8, 16;
    %jmp T_0.10;
T_0.8 ;
    %load/v 8, v0x184f680_0, 16;
    %set/v v0x184f080_0, 8, 16;
    %jmp T_0.10;
T_0.9 ;
    %load/v 8, v0x184f720_0, 16;
    %set/v v0x184f080_0, 8, 16;
    %jmp T_0.10;
T_0.10 ;
    %jmp T_0.1;
T_0.0 ;
    %load/v 8, v0x184efe0_0, 1;
    %jmp/0xz  T_0.11, 8;
    %load/v 8, v0x184f8d0_0, 16;
    %set/v v0x184f080_0, 8, 16;
T_0.11 ;
    %load/v 8, v0x1815680_0, 5;
    %cmpi/u 8, 0, 5;
    %inv 4, 1;
    %jmp/0xz  T_0.13, 4;
    %load/v 8, v0x184f9f0_0, 16;
    %set/v v0x184f080_0, 8, 16;
T_0.13 ;
T_0.1 ;
    %jmp T_0;
    .thread T_0, $push;
    .scope S_0x1802690;
T_1 ;
    %vpi_call 2 9 "$dumpfile", "testbench_Multiplexador.vcd";
    %end;
    .thread T_1;
    .scope S_0x1802690;
T_2 ;
    %vpi_call 2 10 "$dumpvars", 1'sb0, S_0x1802690;
    %end;
    .thread T_2;
    .scope S_0x1802690;
T_3 ;
    %delay 1, 0;
    %set/v v0x184fd40_0, 0, 16;
    %movi 8, 1, 16;
    %set/v v0x184fe20_0, 8, 16;
    %movi 8, 2, 16;
    %set/v v0x184fed0_0, 8, 16;
    %movi 8, 3, 16;
    %set/v v0x184ff50_0, 8, 16;
    %movi 8, 4, 16;
    %set/v v0x1850000_0, 8, 16;
    %movi 8, 5, 16;
    %set/v v0x18500b0_0, 8, 16;
    %movi 8, 6, 16;
    %set/v v0x1850160_0, 8, 16;
    %movi 8, 7, 16;
    %set/v v0x1850210_0, 8, 16;
    %movi 8, 1023, 16;
    %set/v v0x1850420_0, 8, 16;
    %movi 8, 9, 16;
    %set/v v0x1850370_0, 8, 16;
    %movi 8, 3, 5;
    %set/v v0x18502c0_0, 8, 5;
    %delay 1, 0;
    %vpi_call 2 22 "$finish";
    %end;
    .thread T_3;
# The file index is used to find the file name in the following table.
:file_names 4;
    "N/A";
    "<interactive>";
    "testbench_Multiplexador.v";
    "./Multiplexador.v";
