#! /usr/bin/vvp
:ivl_version "0.9.7 " "(v0_9_7)";
:vpi_time_precision + 0;
:vpi_module "system";
:vpi_module "v2005_math";
:vpi_module "va_math";
S_0x8fc690 .scope module, "testbench_Multiplexador" "testbench_Multiplexador" 2 3;
 .timescale 0 0;
v0x94a410_0 .var "Iselect", 0 0;
v0x94a4b0_0 .var "Rselect", 0 0;
v0x94a560_0 .net "out", 15 0, v0x949a00_0; 1 drivers
v0x94a610_0 .var "r0", 15 0;
v0x94a6f0_0 .var "r1", 15 0;
v0x94a7a0_0 .var "r2", 15 0;
v0x94a820_0 .var "r3", 15 0;
v0x94a8d0_0 .var "r4", 15 0;
v0x94a980_0 .var "r5", 15 0;
v0x94aa30_0 .var "r6", 15 0;
v0x94aae0_0 .var "r7", 15 0;
v0x94ab90_0 .var "regNumSelect", 4 0;
v0x94ac40_0 .var "regR", 15 0;
v0x94acf0_0 .var "signExt", 15 0;
S_0x8fc780 .scope module, "multiplexador" "Multiplexador" 2 12, 3 1, S_0x8fc690;
 .timescale 0 0;
v0x8fc0d0_0 .net "Iselect", 0 0, v0x94a410_0; 1 drivers
v0x949960_0 .net "Rselect", 0 0, v0x94a4b0_0; 1 drivers
v0x949a00_0 .var "aux", 15 0;
v0x949aa0_0 .alias "out", 15 0, v0x94a560_0;
v0x949b50_0 .net "r0", 15 0, v0x94a610_0; 1 drivers
v0x949bf0_0 .net "r1", 15 0, v0x94a6f0_0; 1 drivers
v0x949cd0_0 .net "r2", 15 0, v0x94a7a0_0; 1 drivers
v0x949d70_0 .net "r3", 15 0, v0x94a820_0; 1 drivers
v0x949e60_0 .net "r4", 15 0, v0x94a8d0_0; 1 drivers
v0x949f00_0 .net "r5", 15 0, v0x94a980_0; 1 drivers
v0x94a000_0 .net "r6", 15 0, v0x94aa30_0; 1 drivers
v0x94a0a0_0 .net "r7", 15 0, v0x94aae0_0; 1 drivers
v0x94a1b0_0 .net "regNumSelect", 4 0, v0x94ab90_0; 1 drivers
v0x94a250_0 .net "regR", 15 0, v0x94ac40_0; 1 drivers
v0x94a370_0 .net "signExt", 15 0, v0x94acf0_0; 1 drivers
E_0x938970 .event edge, v0x949960_0, v0x8fc0d0_0, v0x94a1b0_0;
    .scope S_0x8fc780;
T_0 ;
    %wait E_0x938970;
    %load/v 8, v0x94a1b0_0, 5;
    %mov 13, 0, 1;
    %cmp/u 0, 8, 6;
    %or 5, 4, 1;
    %mov 8, 5, 1;
    %load/v 9, v0x94a1b0_0, 5;
    %mov 14, 0, 1;
   %cmpi/u 9, 7, 6;
    %or 5, 4, 1;
    %mov 9, 5, 1;
    %and 8, 9, 1;
    %jmp/0xz  T_0.0, 8;
    %load/v 8, v0x94a1b0_0, 5;
    %cmpi/u 8, 0, 5;
    %jmp/1 T_0.2, 6;
    %cmpi/u 8, 1, 5;
    %jmp/1 T_0.3, 6;
    %cmpi/u 8, 2, 5;
    %jmp/1 T_0.4, 6;
    %cmpi/u 8, 3, 5;
    %jmp/1 T_0.5, 6;
    %cmpi/u 8, 4, 5;
    %jmp/1 T_0.6, 6;
    %cmpi/u 8, 5, 5;
    %jmp/1 T_0.7, 6;
    %cmpi/u 8, 6, 5;
    %jmp/1 T_0.8, 6;
    %cmpi/u 8, 7, 5;
    %jmp/1 T_0.9, 6;
    %jmp T_0.10;
T_0.2 ;
    %load/v 8, v0x949b50_0, 16;
    %set/v v0x949a00_0, 8, 16;
    %jmp T_0.10;
T_0.3 ;
    %load/v 8, v0x949bf0_0, 16;
    %set/v v0x949a00_0, 8, 16;
    %jmp T_0.10;
T_0.4 ;
    %load/v 8, v0x949cd0_0, 16;
    %set/v v0x949a00_0, 8, 16;
    %jmp T_0.10;
T_0.5 ;
    %load/v 8, v0x949d70_0, 16;
    %set/v v0x949a00_0, 8, 16;
    %jmp T_0.10;
T_0.6 ;
    %load/v 8, v0x949e60_0, 16;
    %set/v v0x949a00_0, 8, 16;
    %jmp T_0.10;
T_0.7 ;
    %load/v 8, v0x949f00_0, 16;
    %set/v v0x949a00_0, 8, 16;
    %jmp T_0.10;
T_0.8 ;
    %load/v 8, v0x94a000_0, 16;
    %set/v v0x949a00_0, 8, 16;
    %jmp T_0.10;
T_0.9 ;
    %load/v 8, v0x94a0a0_0, 16;
    %set/v v0x949a00_0, 8, 16;
    %jmp T_0.10;
T_0.10 ;
    %jmp T_0.1;
T_0.0 ;
    %load/v 8, v0x949960_0, 1;
    %jmp/0xz  T_0.11, 8;
    %load/v 8, v0x94a250_0, 16;
    %set/v v0x949a00_0, 8, 16;
T_0.11 ;
    %load/v 8, v0x8fc0d0_0, 1;
    %jmp/0xz  T_0.13, 8;
    %load/v 8, v0x94a370_0, 16;
    %set/v v0x949a00_0, 8, 16;
T_0.13 ;
T_0.1 ;
    %jmp T_0;
    .thread T_0, $push;
    .scope S_0x8fc690;
T_1 ;
    %vpi_call 2 9 "$dumpfile", "testbench_Multiplexador.vcd";
    %end;
    .thread T_1;
    .scope S_0x8fc690;
T_2 ;
    %vpi_call 2 10 "$dumpvars", 1'sb0, S_0x8fc690;
    %end;
    .thread T_2;
    .scope S_0x8fc690;
T_3 ;
    %delay 1, 0;
    %set/v v0x94a610_0, 0, 16;
    %movi 8, 1, 16;
    %set/v v0x94a6f0_0, 8, 16;
    %movi 8, 2, 16;
    %set/v v0x94a7a0_0, 8, 16;
    %movi 8, 3, 16;
    %set/v v0x94a820_0, 8, 16;
    %movi 8, 4, 16;
    %set/v v0x94a8d0_0, 8, 16;
    %movi 8, 5, 16;
    %set/v v0x94a980_0, 8, 16;
    %movi 8, 6, 16;
    %set/v v0x94aa30_0, 8, 16;
    %movi 8, 7, 16;
    %set/v v0x94aae0_0, 8, 16;
    %movi 8, 3, 5;
    %set/v v0x94ab90_0, 8, 5;
    %delay 1, 0;
    %mov 8, 2, 3;
    %movi 11, 0, 2;
    %set/v v0x94ab90_0, 8, 5;
    %movi 13, 9, 16;
    %set/v v0x94ac40_0, 13, 16;
    %set/v v0x94a4b0_0, 1, 1;
    %delay 1, 0;
    %mov 8, 2, 4;
    %movi 12, 0, 1;
    %set/v v0x94ab90_0, 8, 5;
    %set/v v0x94a4b0_0, 2, 1;
    %movi 13, 1023, 16;
    %set/v v0x94acf0_0, 13, 16;
    %set/v v0x94a410_0, 1, 1;
    %delay 1, 0;
    %vpi_call 2 32 "$finish";
    %end;
    .thread T_3;
# The file index is used to find the file name in the following table.
:file_names 4;
    "N/A";
    "<interactive>";
    "testbench_Multiplexador.v";
    "./Multiplexador.v";
